<?xml version="1.0" encoding="UTF-8"?>
<!-- Generated by org.testng.reporters.JUnitReportReporter -->
<testsuite hostname="DESKTOP-1UR5ED5" failures="0" tests="2" name="com.qa.raf.HeaderInfo" time="2.550" errors="0" timestamp="2023-10-18T11:31:32 IST" skipped="0">
  <testcase classname="com.qa.raf.HeaderInfo" name="getHearder" time="0.580"/>
  <system-out/>
  <testcase classname="com.qa.raf.HeaderInfo" name="getHeaders" time="1.970"/>
  <system-out/>
</testsuite> <!-- com.qa.raf.HeaderInfo -->
