<?xml version="1.0" encoding="UTF-8"?>
<!-- Generated by org.testng.reporters.JUnitReportReporter -->
<testsuite hostname="DESKTOP-1UR5ED5" failures="0" tests="3" name="com.qa.raf.CookiesTest" time="3.627" errors="0" timestamp="2023-10-18T11:09:24 IST" skipped="0">
  <testcase classname="com.qa.raf.CookiesTest" name="getCookies" time="0.895"/>
  <system-out/>
  <testcase classname="com.qa.raf.CookiesTest" name="getAllCookies" time="1.965"/>
  <system-out/>
  <testcase classname="com.qa.raf.CookiesTest" name="testCookies" time="0.767"/>
  <system-out/>
</testsuite> <!-- com.qa.raf.CookiesTest -->
