<?xml version="1.0" encoding="UTF-8"?>
<!-- Generated by org.testng.reporters.JUnitReportReporter -->
<testsuite hostname="DESKTOP-1UR5ED5" failures="0" tests="3" name="com.qa.raf.ParsingXMLResponse" time="3.381" errors="0" timestamp="2023-10-18T16:21:09 IST" skipped="0">
  <testcase classname="com.qa.raf.ParsingXMLResponse" name="parse" time="2.733"/>
  <system-out/>
  <testcase classname="com.qa.raf.ParsingXMLResponse" name="parsingXML" time="0.227"/>
  <system-out/>
  <testcase classname="com.qa.raf.ParsingXMLResponse" name="parsetravellers" time="0.421"/>
  <system-out/>
</testsuite> <!-- com.qa.raf.ParsingXMLResponse -->
