<?xml version="1.0" encoding="UTF-8"?>
<!-- Generated by org.testng.reporters.JUnitReportReporter -->
<testsuite hostname="DESKTOP-1UR5ED5" failures="0" tests="1" name="com.qa.apichaining.GetUser" time="0.545" errors="0" timestamp="2023-10-21T17:45:30 IST" skipped="0">
  <testcase classname="com.qa.apichaining.GetUser" name="getUserTest" time="0.545"/>
  <system-out/>
</testsuite> <!-- com.qa.apichaining.GetUser -->
