<?xml version="1.0" encoding="UTF-8"?>
<!-- Generated by org.testng.reporters.JUnitReportReporter -->
<testsuite hostname="DESKTOP-1UR5ED5" failures="0" tests="1" name="com.qa.raf.Params" time="1.954" errors="0" timestamp="2023-10-18T10:46:44 IST" skipped="0">
  <testcase classname="com.qa.raf.Params" name="testParams" time="1.954"/>
  <system-out/>
</testsuite> <!-- com.qa.raf.Params -->
