<?xml version="1.0" encoding="UTF-8"?>
<!-- Generated by org.testng.reporters.JUnitReportReporter -->
<testsuite hostname="DESKTOP-1UR5ED5" failures="0" tests="4" name="com.qa.raf.HttpReq" time="5.810" errors="0" timestamp="2023-10-18T10:41:10 IST" skipped="0">
  <testcase classname="com.qa.raf.HttpReq" name="deleteUser" time="0.220"/>
  <system-out/>
  <testcase classname="com.qa.raf.HttpReq" name="createUser" time="5.447"/>
  <system-out/>
  <testcase classname="com.qa.raf.HttpReq" name="putUser" time="0.072"/>
  <system-out/>
  <testcase classname="com.qa.raf.HttpReq" name="getUser" time="0.071"/>
  <system-out/>
</testsuite> <!-- com.qa.raf.HttpReq -->
