<?xml version="1.0" encoding="UTF-8"?>
<!-- Generated by org.testng.reporters.JUnitReportReporter -->
<testsuite hostname="DESKTOP-1UR5ED5" failures="0" tests="1" name="com.qa.raf.Serialanddes" time="0.254" errors="0" timestamp="2023-10-18T17:34:19 IST" skipped="0">
  <testcase classname="com.qa.raf.Serialanddes" name="convertToPOJO" time="0.254"/>
  <system-out/>
</testsuite> <!-- com.qa.raf.Serialanddes -->
